<?xml version="1.0" encoding="UTF-8"?>
<!-- Generated by org.testng.reporters.JUnitReportReporter -->
<testsuite hostname="TYSS-Chaithra" failures="0" tests="1" name="com.crm.OrgTests.CreateOrgTest" time="0.009" errors="0" timestamp="2022-03-24T11:20:45 IST" skipped="0">
  <testcase classname="com.crm.OrgTests.CreateOrgTest" name="createOrgTest" time="0.009"/>
  <system-out/>
</testsuite> <!-- com.crm.OrgTests.CreateOrgTest -->
